[15/Apr/2026 16:32:21] "GET / HTTP/1.1" 200 29925
[15/Apr/2026 16:32:21,780] - Broken pipe from ('127.0.0.1', 57696)
[15/Apr/2026 17:08:44] "GET /api/users/drive/status/ HTTP/1.1" 200 114
[15/Apr/2026 17:08:44] "GET /api/courses/ HTTP/1.1" 200 81
[15/Apr/2026 17:08:44] "GET /api/disciplines/?course_id=4&language=kaz HTTP/1.1" 200 500
[15/Apr/2026 17:08:44] "GET /api/materials/?discipline_id=10 HTTP/1.1" 200 3991
[15/Apr/2026 17:08:44] "GET /api/users/drive/status/ HTTP/1.1" 200 114
[15/Apr/2026 17:08:44] "GET /api/results/test-sessions/?material=23 HTTP/1.1" 200 75146
[15/Apr/2026 17:08:44] "GET /api/results/test-sessions/?material=24 HTTP/1.1" 200 3001
[15/Apr/2026 17:08:52] "GET /api/disciplines/?course_id=4&language=kaz HTTP/1.1" 200 500
[15/Apr/2026 17:08:52] "GET /api/materials/?discipline_id=30 HTTP/1.1" 200 2
[15/Apr/2026 17:08:52] "GET /api/users/drive/status/ HTTP/1.1" 200 114
[15/Apr/2026 17:08:57] "GET /api/results/test-sessions/60/responses/ HTTP/1.1" 200 3215
[15/Apr/2026 17:08:57] "GET /api/materials/?discipline_id=10 HTTP/1.1" 200 3991
[15/Apr/2026 17:08:57] "GET /api/users/drive/status/ HTTP/1.1" 200 114
[15/Apr/2026 17:08:57] "GET /api/results/test-sessions/?material=23 HTTP/1.1" 200 75146
[15/Apr/2026 17:09:02] "GET /api/results/test-sessions/?material=24 HTTP/1.1" 200 3001
[15/Apr/2026 17:09:08] "GET /api/results/test-sessions/60/responses/ HTTP/1.1" 200 3215
[15/Apr/2026 17:09:12] "GET /api/results/test-sessions/28/responses/ HTTP/1.1" 200 3292
[15/Apr/2026 17:09:18] "GET /api/results/test-sessions/?material=25 HTTP/1.1" 200 14431
[15/Apr/2026 17:09:23] "GET /api/results/test-sessions/?material=26 HTTP/1.1" 200 5173
[15/Apr/2026 17:09:27] "GET /api/results/test-sessions/54/responses/ HTTP/1.1" 200 5413
[15/Apr/2026 17:09:33] "GET /api/results/test-sessions/47/responses/ HTTP/1.1" 200 1266
